S:\PAF by Lam\W\_WinHex\WinHexPortable_32+64bit\App\WinHex\winhex.user.wblam not found.
User profile config path: C:\Users\wblam\AppData\Local\X-Ways\WinHex
User-specific configuration status is 0
Configuration is taken from S:\PAF by Lam\W\_WinHex\WinHexPortable_32+64bit\App\WinHex\WinHex.cfg.
Successful.
About to write configuration to S:\PAF by Lam\W\_WinHex\WinHexPortable_32+64bit\App\WinHex\WinHex.cfg
User-specific configuration status is 0
Successful.
--- *** ---
S:\PAF by Lam\W\_WinHex\WinHexPortable_32+64bit\App\WinHex\winhex.user.wblam not found.
User profile config path: C:\Users\wblam\AppData\Local\X-Ways\WinHex
User-specific configuration status is 0
Configuration is taken from S:\PAF by Lam\W\_WinHex\WinHexPortable_32+64bit\App\WinHex\WinHex.cfg.
UNSUCCESSFUL!
About to write configuration to S:\PAF by Lam\W\_WinHex\WinHexPortable_32+64bit\App\WinHex\WinHex.cfg
User-specific configuration status is 0
Successful.
--- *** ---
S:\PAF by Lam\W\_WinHex\WinHexPortable_32+64bit\App\WinHex\winhex.user.wblam not found.
User profile config path: C:\Users\wblam\AppData\Local\X-Ways\WinHex
User-specific configuration status is 0
Configuration is taken from S:\PAF by Lam\W\_WinHex\WinHexPortable_32+64bit\App\WinHex\WinHex.cfg.
Successful.
About to write configuration to S:\PAF by Lam\W\_WinHex\WinHexPortable_32+64bit\App\WinHex\WinHex.cfg
User-specific configuration status is 0
Successful.
--- *** ---
S:\PAF by Lam\W\_WinHex\WinHexPortable_32+64bit\App\WinHex\winhex.user.wblam not found.
User profile config path: C:\Users\wblam\AppData\Local\X-Ways\WinHex
User-specific configuration status is 0
Configuration is taken from S:\PAF by Lam\W\_WinHex\WinHexPortable_32+64bit\App\WinHex\WinHex.cfg.
UNSUCCESSFUL!
About to write configuration to S:\PAF by Lam\W\_WinHex\WinHexPortable_32+64bit\App\WinHex\WinHex.cfg
User-specific configuration status is 0
Successful.
--- *** ---
S:\PAF by Lam\W\_WinHex\WinHexPortable_32+64bit\App\WinHex\winhex.user.wblam not found.
User profile config path: C:\Users\wblam\AppData\Local\X-Ways\WinHex
User-specific configuration status is 0
Configuration is taken from S:\PAF by Lam\W\_WinHex\WinHexPortable_32+64bit\App\WinHex\WinHex.cfg.
Successful.
About to write configuration to S:\PAF by Lam\W\_WinHex\WinHexPortable_32+64bit\App\WinHex\WinHex.cfg
User-specific configuration status is 0
Successful.
--- *** ---
S:\PAF by Lam\W\_WinHex\WinHexPortable_32+64bit\App\WinHex\winhex.user.wblam not found.
User profile config path: C:\Users\wblam\AppData\Local\X-Ways\WinHex
User-specific configuration status is 0
Configuration is taken from S:\PAF by Lam\W\_WinHex\WinHexPortable_32+64bit\App\WinHex\WinHex.cfg.
UNSUCCESSFUL!
About to write configuration to S:\PAF by Lam\W\_WinHex\WinHexPortable_32+64bit\App\WinHex\WinHex.cfg
User-specific configuration status is 0
Successful.
--- *** ---
S:\PAF by Lam\W\_WinHex\WinHexPortable_32+64bit\App\WinHex\winhex.user.wblam not found.
User profile config path: C:\Users\wblam\AppData\Local\X-Ways\WinHex
User-specific configuration status is 0
Configuration is taken from S:\PAF by Lam\W\_WinHex\WinHexPortable_32+64bit\App\WinHex\WinHex.cfg.
Successful.
About to write configuration to S:\PAF by Lam\W\_WinHex\WinHexPortable_32+64bit\App\WinHex\WinHex.cfg
User-specific configuration status is 0
Successful.
--- *** ---
S:\PAF by Lam\W\_WinHex\WinHexPortable_32+64bit\App\WinHex\winhex.user.wblam not found.
User profile config path: C:\Users\wblam\AppData\Local\X-Ways\WinHex
User-specific configuration status is 0
Configuration is taken from S:\PAF by Lam\W\_WinHex\WinHexPortable_32+64bit\App\WinHex\WinHex.cfg.
UNSUCCESSFUL!
About to write configuration to S:\PAF by Lam\W\_WinHex\WinHexPortable_32+64bit\App\WinHex\WinHex.cfg
User-specific configuration status is 0
Successful.
--- *** ---
D:\MyDownloads\WinHex 20.4 Specialist Portable\App\WinHex\winhex.user.smg not found.
User profile config path: C:\Users\smg\AppData\Local\X-Ways\WinHex
User-specific configuration status is 0
Configuration is taken from D:\MyDownloads\WinHex 20.4 Specialist Portable\App\WinHex\WinHex.cfg.
UNSUCCESSFUL!
About to write configuration to D:\MyDownloads\WinHex 20.4 Specialist Portable\App\WinHex\WinHex.cfg
User-specific configuration status is 0
Successful.
--- *** ---
C:\Users\smg\Desktop\HexEditors\WinHex 20.4 Specialist Portable\App\WinHex\winhex.user.smg not found.
User profile config path: C:\Users\smg\AppData\Local\X-Ways\WinHex
User-specific configuration status is 0
Configuration is taken from C:\Users\smg\Desktop\HexEditors\WinHex 20.4 Specialist Portable\App\WinHex\WinHex.cfg.
Successful.
About to write configuration to C:\Users\smg\Desktop\HexEditors\WinHex 20.4 Specialist Portable\App\WinHex\WinHex.cfg
User-specific configuration status is 0
Successful.
--- *** ---
C:\Users\smg\Desktop\HexEditors\WinHex 20.4 Specialist Portable\App\WinHex\winhex.user.smg not found.
User profile config path: C:\Users\smg\AppData\Local\X-Ways\WinHex
User-specific configuration status is 0
Configuration is taken from C:\Users\smg\Desktop\HexEditors\WinHex 20.4 Specialist Portable\App\WinHex\WinHex.cfg.
Successful.
About to write configuration to C:\Users\smg\Desktop\HexEditors\WinHex 20.4 Specialist Portable\App\WinHex\WinHex.cfg
User-specific configuration status is 0
Successful.
